14:35:16 **** Incremental Build of configuration Debug for project IMU_Positional_Tracking ****
make all 
'Building file: ../APP/app.c'
'Invoking: ARM C Compiler 5'
armcc --cpu=Cortex-A9 --no_unaligned_access -Dsoc_cv_av -I"C:\Users\mhoule\Documents\PO_tracker\IMUInterfacing\DE10_NANO_BAREMETAL_restored\software\IMU_Positional_Tracking\APP" -I"C:\Users\mhoule\Documents\PO_tracker\IMUInterfacing\DE10_NANO_BAREMETAL_restored\software\IMU_Positional_Tracking\BSP" -I"C:\Users\mhoule\Documents\PO_tracker\IMUInterfacing\DE10_NANO_BAREMETAL_restored\software\IMU_Positional_Tracking\BSP\OS" -I"C:\intelFPGA\17.0\embedded\ip\altera\hps\altera_hps\hwlib\include" -I"C:\intelFPGA\17.0\embedded\ip\altera\hps\altera_hps\hwlib\include\soc_cv_av" -I"C:\intelFPGA\17.0\embedded\ip\altera\hps\altera_hps\hwlib\include\soc_cv_av\socal" -I"C:\Users\mhoule\Documents\PO_tracker\IMUInterfacing\DE10_NANO_BAREMETAL_restored\software\IMU_Positional_Tracking\HWLIBS" -I"C:\Users\mhoule\Documents\PO_tracker\IMUInterfacing\DE10_NANO_BAREMETAL_restored\software\IMU_Positional_Tracking\uC-CPU\ARM-Cortex-A" -I"C:\Users\mhoule\Documents\PO_tracker\IMUInterfacing\DE10_NANO_BAREMETAL_restored\software\IMU_Positional_Tracking\uC-CPU" -I"C:\Users\mhoule\Documents\PO_tracker\IMUInterfacing\DE10_NANO_BAREMETAL_restored\software\IMU_Positional_Tracking\uC-LIBS" -I"C:\Users\mhoule\Documents\PO_tracker\IMUInterfacing\DE10_NANO_BAREMETAL_restored\software\IMU_Positional_Tracking\uCOS-II\Ports" -I"C:\Users\mhoule\Documents\PO_tracker\IMUInterfacing\DE10_NANO_BAREMETAL_restored\software\IMU_Positional_Tracking\uCOS-II\Source" --c99 --gnu -O0 -g --md --depend_format=unix_escaped --no_depend_system_headers --depend_dir="APP" -c -o "APP/app.o" "../APP/app.c"
"C:\intelFPGA\17.0\embedded\ip\altera\hps\altera_hps\hwlib\include\alt_i2c.h", line 358: Warning:  #2532-D: support for trigraphs is disabled
   * Discuss special handling of abrt_sbyte_norstrt TX_ABRT source required in ???() function.
                                                                                ^
../APP/app.c: 1 warning, 0 errors
'Finished building: ../APP/app.c'
' '
'Building target: IMU_Positional_Tracking.axf'
'Invoking: ARM Linker 5'
armlink --cpu=Cortex-A9 --entry=Start --scatter=""C:/Users/mhoule/Documents/PO_tracker/IMUInterfacing/DE10_NANO_BAREMETAL_restored/software/IMU_Positional_Tracking/BSP/ARM_COMPILER/scatter.scat"" --info=sizes -o "IMU_Positional_Tracking.axf"  ./uCOS-II/Source/os_core.o ./uCOS-II/Source/os_dbg_r.o ./uCOS-II/Source/os_flag.o ./uCOS-II/Source/os_mbox.o ./uCOS-II/Source/os_mem.o ./uCOS-II/Source/os_mutex.o ./uCOS-II/Source/os_q.o ./uCOS-II/Source/os_sem.o ./uCOS-II/Source/os_task.o ./uCOS-II/Source/os_time.o ./uCOS-II/Source/os_tmr.o  ./uCOS-II/Ports/os_cpu_a_vfp-d32.o ./uCOS-II/Ports/os_cpu_c.o  ./uC-LIBS/lib_ascii.o ./uC-LIBS/lib_math.o ./uC-LIBS/lib_mem.o ./uC-LIBS/lib_str.o  ./uC-CPU/Cache/cpu_cache_armv7_generic_l1_l2c310_l2.o ./uC-CPU/Cache/cpu_cache_armv7_generic_l1_l2c310_l2_a.o  ./uC-CPU/ARM-Cortex-A/cpu_a.o  ./uC-CPU/cpu_core.o  ./HWLIBS/alt_16550_uart.o ./HWLIBS/alt_bridge_manager.o ./HWLIBS/alt_clock_manager.o ./HWLIBS/alt_fpga_manager.o ./HWLIBS/alt_i2c.o  ./BSP/OS/bsp_os.o  ./BSP/ARM_Compiler/armv7a_tthelp.o ./BSP/ARM_Compiler/bsp_cache.o ./BSP/ARM_Compiler/startup.o  ./BSP/bsp.o ./BSP/bsp_int.o ./BSP/cpu_bsp.o  ./APP/i2c_driver/i2c_driver.o  ./APP/command_controller/command_controller.o  ./APP/UART/uart.o  ./APP/app.o ./APP/timer.o   

==============================================================================

Image component sizes


      Code (inc. data)   RO Data    RW Data    ZI Data      Debug   Object Name

         0          0          0          0          0       8360   alt_16550_uart.o
         0          0          0          0          0      74004   alt_bridge_manager.o
     31208        864          0        224          0      35054   alt_clock_manager.o
      7840         16          0          0          0      27468   alt_i2c.o
       280         20          0          4      16384       6089   app.o
        96          0          0          0          0        612   armv7a_tthelp.o
       136         16          0          0          0       1825   bsp.o
       436          0          0          0          0        948   bsp_cache.o
       832         32          0          0       1024       6175   bsp_int.o
       280         12          0          0          0       3210   bsp_os.o
        96          0          0          0          0        832   cpu_a.o
       220          4          0          0          0       1376   cpu_bsp.o
        44         12          0          8          0       1026   cpu_cache_armv7_generic_l1_l2c310_l2.o
       204          0          0          0          0        720   cpu_cache_armv7_generic_l1_l2c310_l2_a.o
       888         20        260          4          0       7212   cpu_core.o
      2340        548         34         28        512       9814   i2c_driver.o
         0          0          0          0          0      13864   lib_ascii.o
         0          0          0          0          0       1720   lib_math.o
      5136         76          0          4   16777236      28025   lib_mem.o
      5836        160        256         80      10920      24983   os_core.o
       988          0          0          0          0        600   os_cpu_a_vfp-d32.o
       608         36          0         12       4096      15121   os_cpu_c.o
       376        184        118          0          0      12497   os_dbg_r.o
      3768         36          0          0          0       7868   os_flag.o
      1096         16          0          0          0       3904   os_mem.o
      2916         28          0          0          0       6385   os_q.o
      1832         20          0          0          0       4646   os_sem.o
      3992         48          0          0          0       9176   os_task.o
       796         28          0          0          0       2022   os_time.o
       496         76          0          0          0        828   startup.o

    ----------------------------------------------------------------------
     72752       2264        718        364   50409660     316364   Object Totals
         0          0         48          0   33599488          0   (incl. Generated)
        12         12          2          0          0          0   (incl. Padding)

    ----------------------------------------------------------------------

      Code (inc. data)   RO Data    RW Data    ZI Data      Debug   Library Member Name

        90          0          0          0          0          0   __dczerorl2.o
         8          0          0          0          0         68   __main.o
       104          0          0          0          0         84   __printf.o
         0          0          0          0          0          0   __rtentry.o
        12          0          0          0          0          0   __rtentry2.o
         8          4          0          0          0          0   __rtentry6.o
        52          8          0          0          0          0   __scatter.o
        26          0          0          0          0          0   __scatter_copy.o
        28          0          0          0          0          0   __scatter_zi.o
        48          6          0          0          0         96   _printf_char_common.o
        36          4          0          0          0         80   _printf_char_file.o
         6          0          0          0          0          0   _printf_d.o
       112         16          0          0          0         92   _printf_dec.o
        88          4         40          0          0         88   _printf_hex_int.o
       178          0          0          0          0         88   _printf_intcommon.o
         0          0          0          0          0          0   _printf_percent.o
         4          0          0          0          0          0   _printf_percent_end.o
         6          0          0          0          0          0   _printf_x.o
       416          0          0          0          0        144   aeabi_sdiv.o
        10          0          0          0          0         68   defsig_exit.o
        50          0          0          0          0         88   defsig_general.o
        80         58          0          0          0         76   defsig_rtmem_inner.o
        14          0          0          0          0         80   defsig_rtmem_outer.o
        52         38          0          0          0         76   defsig_rtred_inner.o
        14          0          0          0          0         80   defsig_rtred_outer.o
        18          0          0          0          0         80   exit.o
        76          0          0          0          0         88   fclose.o
         8          0          0          0          0         68   ferror.o
       470          0          0          0          0         88   flsbuf.o
       236          4          0          0          0        128   fopen.o
        26          0          0          0          0         68   fputc.o
       248          6          0          0          0         84   fseek.o
        66          0          0          0          0         76   ftell.o
        94          0          0          0          0         80   h1_alloc.o
        48          0          0          0          0         68   h1_extend.o
        78          0          0          0          0         80   h1_free.o
        14          0          0          0          0         84   h1_init.o
        80          6          0          4          0         96   heapauxa.o
         4          0          0          0          0        136   hguard.o
         0          0          0          0          0          0   indicate_semi.o
       136          0          0          0          0        168   init_alloc.o
       312         46          0          0          0        112   initio.o
         2          0          0          0          0          0   libinit.o
        10          0          0          0          0          0   libinit2.o
        16          8          0          0          0          0   libinit4.o
         2          0          0          0          0          0   libshutdown.o
         6          0          0          0          0          0   libshutdown2.o
         0          0          0          0         96          0   libspace.o
       816         64          0          0          0         84   lludiv5.o
         0          0          0          0          0          0   maybetermalloc1.o
        24          4          0          0          0         84   noretval__2printf.o
         8          4          0          0          0         68   rt_errno_addr_intlibspace.o
         8          4          0          0          0         68   rt_heap_descriptor_intlibspace.o
        80          0          0          0          0        172   rt_neon_memclr_w.o
         2          0          0          0          0          0   rtexit.o
        10          0          0          0          0          0   rtexit2.o
        44          0          0          0          0         68   rtudiv10.o
        70          0          0          0          0         80   setvbuf.o
       240          6          0          0          0        156   stdio.o
         0          0          0         12        252          0   stdio_streams.o
        58          0          0          0          0         68   strlen.o
        12          4          0          0          0         68   sys_exit.o
       102          0         12          0          0        240   sys_io.o
        14          0          0          0          0         76   sys_wrch.o
         2          0          0          0          0         68   use_no_semi.o
        10          0          0          0          0        116   fpinit.o

    ----------------------------------------------------------------------
      4908        294         54         16        348       4128   Library Totals
        16          0          2          0          0          0   (incl. Padding)

    ----------------------------------------------------------------------

      Code (inc. data)   RO Data    RW Data    ZI Data      Debug   Library Name

      4882        294         52         16        348       4012   c_2.l
        10          0          0          0          0        116   fz_2v.l

    ----------------------------------------------------------------------
      4908        294         54         16        348       4128   Library Totals

    ----------------------------------------------------------------------

==============================================================================


      Code (inc. data)   RO Data    RW Data    ZI Data      Debug   

     77660       2558        772        380   50410008     313596   Grand Totals
     77660       2558        772        108   50410008     313596   ELF Image Totals (compressed)
     77660       2558        772        108          0          0   ROM Totals

==============================================================================

    Total RO  Size (Code + RO Data)                78432 (  76.59kB)
    Total RW  Size (RW Data + ZI Data)          50410388 (49228.89kB)
    Total ROM Size (Code + RO Data + RW Data)      78540 (  76.70kB)

==============================================================================

'Finished building target: IMU_Positional_Tracking.axf'
' '
